# JRE version: OpenJDK Runtime Environment (8.0_152-b01) (build 1.8.0_152-release-1136-b01)
# Java VM: OpenJDK 64-Bit Server VM (25.152-b01 mixed mode linux-amd64 compressed oops)
Heap:
 def new generation   total 32320K, used 14339K [0x00000000a0000000, 0x00000000a2310000, 0x00000000c0000000)
  eden space 28736K,  37% used [0x00000000a0000000, 0x00000000a0a80e30, 0x00000000a1c10000)
  from space 3584K, 100% used [0x00000000a1c10000, 0x00000000a1f90000, 0x00000000a1f90000)
  to   space 3584K,   0% used [0x00000000a1f90000, 0x00000000a1f90000, 0x00000000a2310000)
 tenured generation   total 71744K, used 60502K [0x00000000c0000000, 0x00000000c4610000, 0x0000000100000000)
   the space 71744K,  84% used [0x00000000c0000000, 0x00000000c3b15838, 0x00000000c3b15a00, 0x00000000c4610000)
 Metaspace       used 61798K, capacity 62735K, committed 63024K, reserved 1103872K
  class space    used 7384K, capacity 7625K, committed 7728K, reserved 1048576K
GC Heap History (10 events):
Event: 97.795 GC heap before
{Heap before GC invocations=38 (full 4):
 def new generation   total 23680K, used 23679K [0x00000000a0000000, 0x00000000a19b0000, 0x00000000c0000000)
  eden space 21056K, 100% used [0x00000000a0000000, 0x00000000a1490000, 0x00000000a1490000)
  from space 2624K,  99% used [0x00000000a1720000, 0x00000000a19afff8, 0x00000000a19b0000)
  to   space 2624K,   0% used [0x00000000a1490000, 0x00000000a1490000, 0x00000000a1720000)
 tenured generation   total 52560K, used 48105K [0x00000000c0000000, 0x00000000c3354000, 0x0000000100000000)
   the space 52560K,  91% used [0x00000000c0000000, 0x00000000c2efa570, 0x00000000c2efa600, 0x00000000c3354000)
 Metaspace       used 56457K, capacity 57435K, committed 57776K, reserved 1099776K
  class space    used 6799K, capacity 7057K, committed 7088K, reserved 1048576K
Event: 98.493 GC heap after
Heap after GC invocations=39 (full 5):
 def new generation   total 32320K, used 0K [0x00000000a0000000, 0x00000000a2310000, 0x00000000c0000000)
  eden space 28736K,   0% used [0x00000000a0000000, 0x00000000a0000000, 0x00000000a1c10000)
  from space 3584K,   0% used [0x00000000a1c10000, 0x00000000a1c10000, 0x00000000a1f90000)
  to   space 3584K,   0% used [0x00000000a1f90000, 0x00000000a1f90000, 0x00000000a2310000)
 tenured generation   total 71744K, used 43045K [0x00000000c0000000, 0x00000000c4610000, 0x0000000100000000)
   the space 71744K,  59% used [0x00000000c0000000, 0x00000000c2a09598, 0x00000000c2a09600, 0x00000000c4610000)
 Metaspace       used 56311K, capacity 57263K, committed 57776K, reserved 1099776K
  class space    used 6776K, capacity 7017K, committed 7088K, reserved 1048576K
}
Event: 101.030 GC heap before
{Heap before GC invocations=39 (full 5):
 def new generation   total 32320K, used 28736K [0x00000000a0000000, 0x00000000a2310000, 0x00000000c0000000)
  eden space 28736K, 100% used [0x00000000a0000000, 0x00000000a1c10000, 0x00000000a1c10000)
  from space 3584K,   0% used [0x00000000a1c10000, 0x00000000a1c10000, 0x00000000a1f90000)
  to   space 3584K,   0% used [0x00000000a1f90000, 0x00000000a1f90000, 0x00000000a2310000)
 tenured generation   total 71744K, used 43045K [0x00000000c0000000, 0x00000000c4610000, 0x0000000100000000)
   the space 71744K,  59% used [0x00000000c0000000, 0x00000000c2a09598, 0x00000000c2a09600, 0x00000000c4610000)
 Metaspace       used 56796K, capacity 57807K, committed 58032K, reserved 1099776K
  class space    used 6798K, capacity 7049K, committed 7088K, reserved 1048576K
Event: 101.251 GC heap after
Heap after GC invocations=40 (full 5):
 def new generation   total 32320K, used 3584K [0x00000000a0000000, 0x00000000a2310000, 0x00000000c0000000)
  eden space 28736K,   0% used [0x00000000a0000000, 0x00000000a0000000, 0x00000000a1c10000)
  from space 3584K, 100% used [0x00000000a1f90000, 0x00000000a2310000, 0x00000000a2310000)
  to   space 3584K,   0% used [0x00000000a1c10000, 0x00000000a1c10000, 0x00000000a1f90000)
 tenured generation   total 71744K, used 50389K [0x00000000c0000000, 0x00000000c4610000, 0x0000000100000000)
   the space 71744K,  70% used [0x00000000c0000000, 0x00000000c3135770, 0x00000000c3135800, 0x00000000c4610000)
 Metaspace       used 56796K, capacity 57807K, committed 58032K, reserved 1099776K
  class space    used 6798K, capacity 7049K, committed 7088K, reserved 1048576K
}
Event: 105.594 GC heap before
{Heap before GC invocations=40 (full 5):
 def new generation   total 32320K, used 32320K [0x00000000a0000000, 0x00000000a2310000, 0x00000000c0000000)
  eden space 28736K, 100% used [0x00000000a0000000, 0x00000000a1c10000, 0x00000000a1c10000)
  from space 3584K, 100% used [0x00000000a1f90000, 0x00000000a2310000, 0x00000000a2310000)
  to   space 3584K,   0% used [0x00000000a1c10000, 0x00000000a1c10000, 0x00000000a1f90000)
 tenured generation   total 71744K, used 50389K [0x00000000c0000000, 0x00000000c4610000, 0x0000000100000000)
   the space 71744K,  70% used [0x00000000c0000000, 0x00000000c3135770, 0x00000000c3135800, 0x00000000c4610000)
 Metaspace       used 57210K, capacity 58223K, committed 58672K, reserved 1101824K
  class space    used 6814K, capacity 7081K, committed 7216K, reserved 1048576K
Event: 105.704 GC heap after
Heap after GC invocations=41 (full 5):
 def new generation   total 32320K, used 3584K [0x00000000a0000000, 0x00000000a2310000, 0x00000000c0000000)
  eden space 28736K,   0% used [0x00000000a0000000, 0x00000000a0000000, 0x00000000a1c10000)
  from space 3584K, 100% used [0x00000000a1c10000, 0x00000000a1f90000, 0x00000000a1f90000)
  to   space 3584K,   0% used [0x00000000a1f90000, 0x00000000a1f90000, 0x00000000a2310000)
 tenured generation   total 71744K, used 56199K [0x00000000c0000000, 0x00000000c4610000, 0x0000000100000000)
   the space 71744K,  78% used [0x00000000c0000000, 0x00000000c36e1dd0, 0x00000000c36e1e00, 0x00000000c4610000)
 Metaspace       used 57210K, capacity 58223K, committed 58672K, reserved 1101824K
  class space    used 6814K, capacity 7081K, committed 7216K, reserved 1048576K
}
Event: 107.145 GC heap before
{Heap before GC invocations=41 (full 5):
 def new generation   total 32320K, used 32320K [0x00000000a0000000, 0x00000000a2310000, 0x00000000c0000000)
  eden space 28736K, 100% used [0x00000000a0000000, 0x00000000a1c10000, 0x00000000a1c10000)
  from space 3584K, 100% used [0x00000000a1c10000, 0x00000000a1f90000, 0x00000000a1f90000)
  to   space 3584K,   0% used [0x00000000a1f90000, 0x00000000a1f90000, 0x00000000a2310000)
 tenured generation   total 71744K, used 56199K [0x00000000c0000000, 0x00000000c4610000, 0x0000000100000000)
   the space 71744K,  78% used [0x00000000c0000000, 0x00000000c36e1dd0, 0x00000000c36e1e00, 0x00000000c4610000)
 Metaspace       used 57732K, capacity 58735K, committed 59184K, reserved 1101824K
  class space    used 6894K, capacity 7145K, committed 7216K, reserved 1048576K
Event: 107.218 GC heap after
Heap after GC invocations=42 (full 5):
 def new generation   total 32320K, used 536K [0x00000000a0000000, 0x00000000a2310000, 0x00000000c0000000)
  eden space 28736K,   0% used [0x00000000a0000000, 0x00000000a0000000, 0x00000000a1c10000)
  from space 3584K,  14% used [0x00000000a1f90000, 0x00000000a2016288, 0x00000000a2310000)
  to   space 3584K,   0% used [0x00000000a1c10000, 0x00000000a1c10000, 0x00000000a1f90000)
 tenured generation   total 71744K, used 59770K [0x00000000c0000000, 0x00000000c4610000, 0x0000000100000000)
   the space 71744K,  83% used [0x00000000c0000000, 0x00000000c3a5ebb0, 0x00000000c3a5ec00, 0x00000000c4610000)
 Metaspace       used 57732K, capacity 58735K, committed 59184K, reserved 1101824K
  class space    used 6894K, capacity 7145K, committed 7216K, reserved 1048576K
}
Event: 111.843 GC heap before
{Heap before GC invocations=42 (full 5):
 def new generation   total 32320K, used 29272K [0x00000000a0000000, 0x00000000a2310000, 0x00000000c0000000)
  eden space 28736K, 100% used [0x00000000a0000000, 0x00000000a1c10000, 0x00000000a1c10000)
  from space 3584K,  14% used [0x00000000a1f90000, 0x00000000a2016288, 0x00000000a2310000)
  to   space 3584K,   0% used [0x00000000a1c10000, 0x00000000a1c10000, 0x00000000a1f90000)
 tenured generation   total 71744K, used 59770K [0x00000000c0000000, 0x00000000c4610000, 0x0000000100000000)
   the space 71744K,  83% used [0x00000000c0000000, 0x00000000c3a5ebb0, 0x00000000c3a5ec00, 0x00000000c4610000)
 Metaspace       used 61263K, capacity 62191K, committed 62512K, reserved 1103872K
  class space    used 7340K, capacity 7593K, committed 7728K, reserved 1048576K
Event: 111.937 GC heap after
Heap after GC invocations=43 (full 5):
 def new generation   total 32320K, used 3584K [0x00000000a0000000, 0x00000000a2310000, 0x00000000c0000000)
  eden space 28736K,   0% used [0x00000000a0000000, 0x00000000a0000000, 0x00000000a1c10000)
  from space 3584K, 100% used [0x00000000a1c10000, 0x00000000a1f90000, 0x00000000a1f90000)
  to   space 3584K,   0% used [0x00000000a1f90000, 0x00000000a1f90000, 0x00000000a2310000)
 tenured generation   total 71744K, used 60502K [0x00000000c0000000, 0x00000000c4610000, 0x0000000100000000)
   the space 71744K,  84% used [0x00000000c0000000, 0x00000000c3b15838, 0x00000000c3b15a00, 0x00000000c4610000)
 Metaspace       used 61263K, capacity 62191K, committed 62512K, reserved 1103872K
  class space    used 7340K, capacity 7593K, committed 7728K, reserved 1048576K
}

