# JRE version: OpenJDK Runtime Environment (8.0_152-b01) (build 1.8.0_152-release-1136-b01)
# Java VM: OpenJDK 64-Bit Server VM (25.152-b01 mixed mode linux-amd64 compressed oops)
Heap:
 def new generation   total 60160K, used 60159K [0x00000000a0000000, 0x00000000a4140000, 0x00000000c0000000)
  eden space 53504K, 100% used [0x00000000a0000000, 0x00000000a3440000, 0x00000000a3440000)
  from space 6656K,  99% used [0x00000000a3440000, 0x00000000a3abfff8, 0x00000000a3ac0000)
  to   space 6656K,  30% used [0x00000000a3ac0000, 0x00000000a3cb7a68, 0x00000000a4140000)
 tenured generation   total 133580K, used 119073K [0x00000000c0000000, 0x00000000c8273000, 0x0000000100000000)
   the space 133580K,  89% used [0x00000000c0000000, 0x00000000c7448690, 0x00000000c7448800, 0x00000000c8273000)
 Metaspace       used 84321K, capacity 86241K, committed 87344K, reserved 1126400K
  class space    used 9769K, capacity 10238K, committed 10544K, reserved 1048576K
GC Heap History (10 events):
Event: 4345.068 GC heap after
Heap after GC invocations=83 (full 10):
 def new generation   total 60160K, used 6656K [0x00000000a0000000, 0x00000000a4140000, 0x00000000c0000000)
  eden space 53504K,   0% used [0x00000000a0000000, 0x00000000a0000000, 0x00000000a3440000)
  from space 6656K, 100% used [0x00000000a3440000, 0x00000000a3ac0000, 0x00000000a3ac0000)
  to   space 6656K,   0% used [0x00000000a3ac0000, 0x00000000a3ac0000, 0x00000000a4140000)
 tenured generation   total 133580K, used 80247K [0x00000000c0000000, 0x00000000c8273000, 0x0000000100000000)
   the space 133580K,  60% used [0x00000000c0000000, 0x00000000c4e5de18, 0x00000000c4e5e000, 0x00000000c8273000)
 Metaspace       used 79334K, capacity 81281K, committed 87344K, reserved 1126400K
  class space    used 9149K, capacity 9630K, committed 10544K, reserved 1048576K
}
Event: 4346.803 GC heap before
{Heap before GC invocations=83 (full 10):
 def new generation   total 60160K, used 60160K [0x00000000a0000000, 0x00000000a4140000, 0x00000000c0000000)
  eden space 53504K, 100% used [0x00000000a0000000, 0x00000000a3440000, 0x00000000a3440000)
  from space 6656K, 100% used [0x00000000a3440000, 0x00000000a3ac0000, 0x00000000a3ac0000)
  to   space 6656K,   0% used [0x00000000a3ac0000, 0x00000000a3ac0000, 0x00000000a4140000)
 tenured generation   total 133580K, used 80247K [0x00000000c0000000, 0x00000000c8273000, 0x0000000100000000)
   the space 133580K,  60% used [0x00000000c0000000, 0x00000000c4e5de18, 0x00000000c4e5e000, 0x00000000c8273000)
 Metaspace       used 79339K, capacity 81281K, committed 87344K, reserved 1126400K
  class space    used 9150K, capacity 9630K, committed 10544K, reserved 1048576K
Event: 4347.202 GC heap after
Heap after GC invocations=84 (full 10):
 def new generation   total 60160K, used 6656K [0x00000000a0000000, 0x00000000a4140000, 0x00000000c0000000)
  eden space 53504K,   0% used [0x00000000a0000000, 0x00000000a0000000, 0x00000000a3440000)
  from space 6656K, 100% used [0x00000000a3ac0000, 0x00000000a4140000, 0x00000000a4140000)
  to   space 6656K,   0% used [0x00000000a3440000, 0x00000000a3440000, 0x00000000a3ac0000)
 tenured generation   total 133580K, used 91715K [0x00000000c0000000, 0x00000000c8273000, 0x0000000100000000)
   the space 133580K,  68% used [0x00000000c0000000, 0x00000000c5990e28, 0x00000000c5991000, 0x00000000c8273000)
 Metaspace       used 79339K, capacity 81281K, committed 87344K, reserved 1126400K
  class space    used 9150K, capacity 9630K, committed 10544K, reserved 1048576K
}
Event: 4354.154 GC heap before
{Heap before GC invocations=84 (full 10):
 def new generation   total 60160K, used 60160K [0x00000000a0000000, 0x00000000a4140000, 0x00000000c0000000)
  eden space 53504K, 100% used [0x00000000a0000000, 0x00000000a3440000, 0x00000000a3440000)
  from space 6656K, 100% used [0x00000000a3ac0000, 0x00000000a4140000, 0x00000000a4140000)
  to   space 6656K,   0% used [0x00000000a3440000, 0x00000000a3440000, 0x00000000a3ac0000)
 tenured generation   total 133580K, used 91715K [0x00000000c0000000, 0x00000000c8273000, 0x0000000100000000)
   the space 133580K,  68% used [0x00000000c0000000, 0x00000000c5990e28, 0x00000000c5991000, 0x00000000c8273000)
 Metaspace       used 83972K, capacity 85953K, committed 87344K, reserved 1126400K
  class space    used 9730K, capacity 10206K, committed 10544K, reserved 1048576K
Event: 4354.389 GC heap after
Heap after GC invocations=85 (full 10):
 def new generation   total 60160K, used 5744K [0x00000000a0000000, 0x00000000a4140000, 0x00000000c0000000)
  eden space 53504K,   0% used [0x00000000a0000000, 0x00000000a0000000, 0x00000000a3440000)
  from space 6656K,  86% used [0x00000000a3440000, 0x00000000a39dc028, 0x00000000a3ac0000)
  to   space 6656K,   0% used [0x00000000a3ac0000, 0x00000000a3ac0000, 0x00000000a4140000)
 tenured generation   total 133580K, used 98360K [0x00000000c0000000, 0x00000000c8273000, 0x0000000100000000)
   the space 133580K,  73% used [0x00000000c0000000, 0x00000000c600e0c8, 0x00000000c600e200, 0x00000000c8273000)
 Metaspace       used 83972K, capacity 85953K, committed 87344K, reserved 1126400K
  class space    used 9730K, capacity 10206K, committed 10544K, reserved 1048576K
}
Event: 4357.477 GC heap before
{Heap before GC invocations=85 (full 10):
 def new generation   total 60160K, used 59248K [0x00000000a0000000, 0x00000000a4140000, 0x00000000c0000000)
  eden space 53504K, 100% used [0x00000000a0000000, 0x00000000a3440000, 0x00000000a3440000)
  from space 6656K,  86% used [0x00000000a3440000, 0x00000000a39dc028, 0x00000000a3ac0000)
  to   space 6656K,   0% used [0x00000000a3ac0000, 0x00000000a3ac0000, 0x00000000a4140000)
 tenured generation   total 133580K, used 98360K [0x00000000c0000000, 0x00000000c8273000, 0x0000000100000000)
   the space 133580K,  73% used [0x00000000c0000000, 0x00000000c600e0c8, 0x00000000c600e200, 0x00000000c8273000)
 Metaspace       used 84292K, capacity 86241K, committed 87344K, reserved 1126400K
  class space    used 9762K, capacity 10238K, committed 10544K, reserved 1048576K
Event: 4357.787 GC heap after
Heap after GC invocations=86 (full 10):
 def new generation   total 60160K, used 6656K [0x00000000a0000000, 0x00000000a4140000, 0x00000000c0000000)
  eden space 53504K,   0% used [0x00000000a0000000, 0x00000000a0000000, 0x00000000a3440000)
  from space 6656K, 100% used [0x00000000a3ac0000, 0x00000000a4140000, 0x00000000a4140000)
  to   space 6656K,   0% used [0x00000000a3440000, 0x00000000a3440000, 0x00000000a3ac0000)
 tenured generation   total 133580K, used 108212K [0x00000000c0000000, 0x00000000c8273000, 0x0000000100000000)
   the space 133580K,  81% used [0x00000000c0000000, 0x00000000c69ad330, 0x00000000c69ad400, 0x00000000c8273000)
 Metaspace       used 84292K, capacity 86241K, committed 87344K, reserved 1126400K
  class space    used 9762K, capacity 10238K, committed 10544K, reserved 1048576K
}
Event: 4358.771 GC heap before
{Heap before GC invocations=86 (full 10):
 def new generation   total 60160K, used 60160K [0x00000000a0000000, 0x00000000a4140000, 0x00000000c0000000)
  eden space 53504K, 100% used [0x00000000a0000000, 0x00000000a3440000, 0x00000000a3440000)
  from space 6656K, 100% used [0x00000000a3ac0000, 0x00000000a4140000, 0x00000000a4140000)
  to   space 6656K,   0% used [0x00000000a3440000, 0x00000000a3440000, 0x00000000a3ac0000)
 tenured generation   total 133580K, used 108212K [0x00000000c0000000, 0x00000000c8273000, 0x0000000100000000)
   the space 133580K,  81% used [0x00000000c0000000, 0x00000000c69ad330, 0x00000000c69ad400, 0x00000000c8273000)
 Metaspace       used 84320K, capacity 86241K, committed 87344K, reserved 1126400K
  class space    used 9769K, capacity 10238K, committed 10544K, reserved 1048576K
Event: 4359.149 GC heap after
Heap after GC invocations=87 (full 10):
 def new generation   total 60160K, used 6655K [0x00000000a0000000, 0x00000000a4140000, 0x00000000c0000000)
  eden space 53504K,   0% used [0x00000000a0000000, 0x00000000a0000000, 0x00000000a3440000)
  from space 6656K,  99% used [0x00000000a3440000, 0x00000000a3abfff8, 0x00000000a3ac0000)
  to   space 6656K,   0% used [0x00000000a3ac0000, 0x00000000a3ac0000, 0x00000000a4140000)
 tenured generation   total 133580K, used 116776K [0x00000000c0000000, 0x00000000c8273000, 0x0000000100000000)
   the space 133580K,  87% used [0x00000000c0000000, 0x00000000c720a3a8, 0x00000000c720a400, 0x00000000c8273000)
 Metaspace       used 84320K, capacity 86241K, committed 87344K, reserved 1126400K
  class space    used 9769K, capacity 10238K, committed 10544K, reserved 1048576K
}
Event: 4360.373 GC heap before
{Heap before GC invocations=87 (full 10):
 def new generation   total 60160K, used 60159K [0x00000000a0000000, 0x00000000a4140000, 0x00000000c0000000)
  eden space 53504K, 100% used [0x00000000a0000000, 0x00000000a3440000, 0x00000000a3440000)
  from space 6656K,  99% used [0x00000000a3440000, 0x00000000a3abfff8, 0x00000000a3ac0000)
  to   space 6656K,   0% used [0x00000000a3ac0000, 0x00000000a3ac0000, 0x00000000a4140000)
 tenured generation   total 133580K, used 116776K [0x00000000c0000000, 0x00000000c8273000, 0x0000000100000000)
   the space 133580K,  87% used [0x00000000c0000000, 0x00000000c720a3a8, 0x00000000c720a400, 0x00000000c8273000)
 Metaspace       used 84321K, capacity 86241K, committed 87344K, reserved 1126400K
  class space    used 9769K, capacity 10238K, committed 10544K, reserved 1048576K

